<?xml version="1.0" encoding="UTF-8"?>
<testng-results ignored="0" total="1" passed="1" failed="0" skipped="0">
  <reporter-output>
  </reporter-output>
  <suite started-at="2024-04-14T22:29:30 PDT" name="Default suite" finished-at="2024-04-14T22:29:45 PDT" duration-ms="15319">
    <groups>
    </groups>
    <test started-at="2024-04-14T22:29:30 PDT" name="Default test" finished-at="2024-04-14T22:29:45 PDT" duration-ms="15319">
      <class name="pack.Demogit">
        <test-method signature="f()[pri:0, instance:pack.Demogit@1fb700ee]" started-at="2024-04-14T22:29:30 PDT" name="f" finished-at="2024-04-14T22:29:45 PDT" duration-ms="15258" status="PASS">
          <reporter-output>
          </reporter-output>
        </test-method> <!-- f -->
      </class> <!-- pack.Demogit -->
    </test> <!-- Default test -->
  </suite> <!-- Default suite -->
</testng-results>
